<?xml version="1.0" encoding="UTF-8"?>
<!-- Generated by org.testng.reporters.JUnitReportReporter -->
<testsuite hostname="DESKTOP-6BJPVDH" failures="0" tests="1" name="cloudsession.TestThisFile" time="8.143" errors="0" timestamp="24 Dec 2022 18:56:19 GMT" skipped="0">
  <testcase classname="cloudsession.TestThisFile" name="runThisOnJenkins" time="8.143"/>
</testsuite> <!-- cloudsession.TestThisFile -->
