<?xml version="1.0" encoding="UTF-8"?>
<!-- Generated by org.testng.reporters.JUnitReportReporter -->
<testsuite hostname="DESKTOP-6BJPVDH" failures="0" tests="1" name="RunOnCloud.RunOnCloud.AppTest" time="0.004" errors="0" timestamp="24 Dec 2022 18:56:19 GMT" skipped="0">
  <testcase classname="RunOnCloud.RunOnCloud.AppTest" name="shouldAnswerWithTrue" time="0.004"/>
</testsuite> <!-- RunOnCloud.RunOnCloud.AppTest -->
