<?xml version="1.0" encoding="UTF-8"?>
<!-- Generated by org.testng.reporters.JUnitReportReporter -->
<testsuite hostname="DESKTOP-6BJPVDH" failures="0" tests="1" name="cloudsession.TestThisFile" time="8.019" errors="0" timestamp="2022-12-25T00:23:22 IST" skipped="0">
  <testcase classname="cloudsession.TestThisFile" name="runThisOnJenkins" time="8.019"/>
  <system-out/>
</testsuite> <!-- cloudsession.TestThisFile -->
